# JRE version: OpenJDK Runtime Environment (17.0.19+10) (build 17.0.19+10-1-26.04.2-Ubuntu)
# Java VM: OpenJDK 64-Bit Server VM (17.0.19+10-1-26.04.2-Ubuntu, mixed mode, sharing, tiered, compressed oops, compressed class ptrs, g1 gc, linux-amd64)
GC Precious Log:
 CPUs: 8 total, 8 available
 Memory: 15269M
 Large Page Support: Disabled
 NUMA Support: Disabled
 Compressed Oops: Enabled (Zero based)
 Heap Region Size: 2M
 Heap Min Capacity: 8M
 Heap Initial Capacity: 240M
 Heap Max Capacity: 3818M
 Pre-touch: Disabled
 Parallel Workers: 8
 Concurrent Workers: 2
 Concurrent Refinement Workers: 8
 Periodic GC: Disabled
Heap:
 garbage-first heap   total 204800K, used 67421K [0x0000000711600000, 0x0000000800000000)
  region size 2048K, 8 young (16384K), 4 survivors (8192K)
 Metaspace       used 123507K, committed 124224K, reserved 1179648K
  class space    used 15483K, committed 15808K, reserved 1048576K
GC Heap History (20 events):
Event: 6.401 GC heap before
{Heap before GC invocations=27 (full 0):
 garbage-first heap   total 169984K, used 131313K [0x0000000711600000, 0x0000000800000000)
  region size 2048K, 49 young (100352K), 4 survivors (8192K)
 Metaspace       used 83833K, committed 84352K, reserved 1179648K
  class space    used 10193K, committed 10496K, reserved 1048576K
}
Event: 6.407 GC heap after
{Heap after GC invocations=28 (full 0):
 garbage-first heap   total 169984K, used 40225K [0x0000000711600000, 0x0000000800000000)
  region size 2048K, 4 young (8192K), 4 survivors (8192K)
 Metaspace       used 83833K, committed 84352K, reserved 1179648K
  class space    used 10193K, committed 10496K, reserved 1048576K
}
Event: 6.733 GC heap before
{Heap before GC invocations=28 (full 0):
 garbage-first heap   total 169984K, used 132385K [0x0000000711600000, 0x0000000800000000)
  region size 2048K, 49 young (100352K), 4 survivors (8192K)
 Metaspace       used 88699K, committed 89280K, reserved 1179648K
  class space    used 10842K, committed 11136K, reserved 1048576K
}
Event: 6.739 GC heap after
{Heap after GC invocations=29 (full 0):
 garbage-first heap   total 204800K, used 42270K [0x0000000711600000, 0x0000000800000000)
  region size 2048K, 4 young (8192K), 4 survivors (8192K)
 Metaspace       used 88699K, committed 89280K, reserved 1179648K
  class space    used 10842K, committed 11136K, reserved 1048576K
}
Event: 7.110 GC heap before
{Heap before GC invocations=29 (full 0):
 garbage-first heap   total 204800K, used 156958K [0x0000000711600000, 0x0000000800000000)
  region size 2048K, 60 young (122880K), 4 survivors (8192K)
 Metaspace       used 93782K, committed 94336K, reserved 1179648K
  class space    used 11617K, committed 11904K, reserved 1048576K
}
Event: 7.115 GC heap after
{Heap after GC invocations=30 (full 0):
 garbage-first heap   total 204800K, used 45176K [0x0000000711600000, 0x0000000800000000)
  region size 2048K, 6 young (12288K), 6 survivors (12288K)
 Metaspace       used 93782K, committed 94336K, reserved 1179648K
  class space    used 11617K, committed 11904K, reserved 1048576K
}
Event: 7.387 GC heap before
{Heap before GC invocations=30 (full 0):
 garbage-first heap   total 204800K, used 155768K [0x0000000711600000, 0x0000000800000000)
  region size 2048K, 60 young (122880K), 6 survivors (12288K)
 Metaspace       used 98696K, committed 99264K, reserved 1179648K
  class space    used 12383K, committed 12672K, reserved 1048576K
}
Event: 7.395 GC heap after
{Heap after GC invocations=31 (full 0):
 garbage-first heap   total 204800K, used 46830K [0x0000000711600000, 0x0000000800000000)
  region size 2048K, 5 young (10240K), 5 survivors (10240K)
 Metaspace       used 98696K, committed 99264K, reserved 1179648K
  class space    used 12383K, committed 12672K, reserved 1048576K
}
Event: 7.879 GC heap before
{Heap before GC invocations=31 (full 0):
 garbage-first heap   total 204800K, used 159470K [0x0000000711600000, 0x0000000800000000)
  region size 2048K, 60 young (122880K), 5 survivors (10240K)
 Metaspace       used 101363K, committed 101952K, reserved 1179648K
  class space    used 12671K, committed 12992K, reserved 1048576K
}
Event: 7.887 GC heap after
{Heap after GC invocations=32 (full 0):
 garbage-first heap   total 204800K, used 50471K [0x0000000711600000, 0x0000000800000000)
  region size 2048K, 6 young (12288K), 6 survivors (12288K)
 Metaspace       used 101363K, committed 101952K, reserved 1179648K
  class space    used 12671K, committed 12992K, reserved 1048576K
}
Event: 7.929 GC heap before
{Heap before GC invocations=32 (full 0):
 garbage-first heap   total 204800K, used 54567K [0x0000000711600000, 0x0000000800000000)
  region size 2048K, 9 young (18432K), 6 survivors (12288K)
 Metaspace       used 101666K, committed 102208K, reserved 1179648K
  class space    used 12711K, committed 12992K, reserved 1048576K
}
Event: 7.936 GC heap after
{Heap after GC invocations=33 (full 0):
 garbage-first heap   total 245760K, used 50977K [0x0000000711600000, 0x0000000800000000)
  region size 2048K, 5 young (10240K), 5 survivors (10240K)
 Metaspace       used 101666K, committed 102208K, reserved 1179648K
  class space    used 12711K, committed 12992K, reserved 1048576K
}
Event: 8.493 GC heap before
{Heap before GC invocations=34 (full 0):
 garbage-first heap   total 204800K, used 163617K [0x0000000711600000, 0x0000000800000000)
  region size 2048K, 60 young (122880K), 5 survivors (10240K)
 Metaspace       used 105559K, committed 106176K, reserved 1179648K
  class space    used 13289K, committed 13568K, reserved 1048576K
}
Event: 8.500 GC heap after
{Heap after GC invocations=35 (full 0):
 garbage-first heap   total 204800K, used 53449K [0x0000000711600000, 0x0000000800000000)
  region size 2048K, 6 young (12288K), 6 survivors (12288K)
 Metaspace       used 105559K, committed 106176K, reserved 1179648K
  class space    used 13289K, committed 13568K, reserved 1048576K
}
Event: 9.153 GC heap before
{Heap before GC invocations=35 (full 0):
 garbage-first heap   total 204800K, used 164041K [0x0000000711600000, 0x0000000800000000)
  region size 2048K, 60 young (122880K), 6 survivors (12288K)
 Metaspace       used 110358K, committed 110976K, reserved 1179648K
  class space    used 13885K, committed 14208K, reserved 1048576K
}
Event: 9.161 GC heap after
{Heap after GC invocations=36 (full 0):
 garbage-first heap   total 204800K, used 57071K [0x0000000711600000, 0x0000000800000000)
  region size 2048K, 6 young (12288K), 6 survivors (12288K)
 Metaspace       used 110358K, committed 110976K, reserved 1179648K
  class space    used 13885K, committed 14208K, reserved 1048576K
}
Event: 9.831 GC heap before
{Heap before GC invocations=36 (full 0):
 garbage-first heap   total 204800K, used 167663K [0x0000000711600000, 0x0000000800000000)
  region size 2048K, 60 young (122880K), 6 survivors (12288K)
 Metaspace       used 117308K, committed 117952K, reserved 1179648K
  class space    used 14813K, committed 15104K, reserved 1048576K
}
Event: 9.840 GC heap after
{Heap after GC invocations=37 (full 0):
 garbage-first heap   total 204800K, used 59735K [0x0000000711600000, 0x0000000800000000)
  region size 2048K, 5 young (10240K), 5 survivors (10240K)
 Metaspace       used 117308K, committed 117952K, reserved 1179648K
  class space    used 14813K, committed 15104K, reserved 1048576K
}
Event: 10.352 GC heap before
{Heap before GC invocations=37 (full 0):
 garbage-first heap   total 204800K, used 168279K [0x0000000711600000, 0x0000000800000000)
  region size 2048K, 59 young (120832K), 5 survivors (10240K)
 Metaspace       used 123160K, committed 123840K, reserved 1179648K
  class space    used 15478K, committed 15808K, reserved 1048576K
}
Event: 10.362 GC heap after
{Heap after GC invocations=38 (full 0):
 garbage-first heap   total 204800K, used 61277K [0x0000000711600000, 0x0000000800000000)
  region size 2048K, 4 young (8192K), 4 survivors (8192K)
 Metaspace       used 123160K, committed 123840K, reserved 1179648K
  class space    used 15478K, committed 15808K, reserved 1048576K
}

